This is XeTeX, Version 3.14159265-2.6-0.999992 (TeX Live 2020/W32TeX) (preloaded format=xelatex 2021.1.12)  13 JAN 2021 13:57
entering extended mode
 restricted \write18 enabled.
 %&-line parsing enabled.
**ntu-bookdown.tex
(./ntu-bookdown.tex
LaTeX2e <2020-10-01> patch level 4
L3 programming layer <2021-01-09> xparse <2020-03-03> (c:/Users/ChingChih/AppDa
ta/Roaming/TinyTeX/texmf-dist/tex/latex/base/book.cls
Document Class: book 2020/04/10 v1.4m Standard LaTeX document class
(c:/Users/ChingChih/AppData/Roaming/TinyTeX/texmf-dist/tex/latex/base/bk10.clo
File: bk10.clo 2020/04/10 v1.4m Standard LaTeX file (size option)
)
\c@part=\count173
\c@chapter=\count174
\c@section=\count175
\c@subsection=\count176
\c@subsubsection=\count177
\c@paragraph=\count178
\c@subparagraph=\count179
\c@figure=\count180
\c@table=\count181
\abovecaptionskip=\skip47
\belowcaptionskip=\skip48
\bibindent=\dimen138
)
(c:/Users/ChingChih/AppData/Roaming/TinyTeX/texmf-dist/tex/latex/lm/lmodern.sty
Package: lmodern 2009/10/30 v1.6 Latin Modern Fonts
LaTeX Font Info:    Overwriting symbol font `operators' in version `normal'
(Font)                  OT1/cmr/m/n --> OT1/lmr/m/n on input line 22.
LaTeX Font Info:    Overwriting symbol font `letters' in version `normal'
(Font)                  OML/cmm/m/it --> OML/lmm/m/it on input line 23.
LaTeX Font Info:    Overwriting symbol font `symbols' in version `normal'
(Font)                  OMS/cmsy/m/n --> OMS/lmsy/m/n on input line 24.
LaTeX Font Info:    Overwriting symbol font `largesymbols' in version `normal'
(Font)                  OMX/cmex/m/n --> OMX/lmex/m/n on input line 25.
LaTeX Font Info:    Overwriting symbol font `operators' in version `bold'
(Font)                  OT1/cmr/bx/n --> OT1/lmr/bx/n on input line 26.
LaTeX Font Info:    Overwriting symbol font `letters' in version `bold'
(Font)                  OML/cmm/b/it --> OML/lmm/b/it on input line 27.
LaTeX Font Info:    Overwriting symbol font `symbols' in version `bold'
(Font)                  OMS/cmsy/b/n --> OMS/lmsy/b/n on input line 28.
LaTeX Font Info:    Overwriting symbol font `largesymbols' in version `bold'
(Font)                  OMX/cmex/m/n --> OMX/lmex/m/n on input line 29.
LaTeX Font Info:    Overwriting math alphabet `\mathbf' in version `normal'
(Font)                  OT1/cmr/bx/n --> OT1/lmr/bx/n on input line 31.
LaTeX Font Info:    Overwriting math alphabet `\mathsf' in version `normal'
(Font)                  OT1/cmss/m/n --> OT1/lmss/m/n on input line 32.
LaTeX Font Info:    Overwriting math alphabet `\mathit' in version `normal'
(Font)                  OT1/cmr/m/it --> OT1/lmr/m/it on input line 33.
LaTeX Font Info:    Overwriting math alphabet `\mathtt' in version `normal'
(Font)                  OT1/cmtt/m/n --> OT1/lmtt/m/n on input line 34.
LaTeX Font Info:    Overwriting math alphabet `\mathbf' in version `bold'
(Font)                  OT1/cmr/bx/n --> OT1/lmr/bx/n on input line 35.
LaTeX Font Info:    Overwriting math alphabet `\mathsf' in version `bold'
(Font)                  OT1/cmss/bx/n --> OT1/lmss/bx/n on input line 36.
LaTeX Font Info:    Overwriting math alphabet `\mathit' in version `bold'
(Font)                  OT1/cmr/bx/it --> OT1/lmr/bx/it on input line 37.
LaTeX Font Info:    Overwriting math alphabet `\mathtt' in version `bold'
(Font)                  OT1/cmtt/m/n --> OT1/lmtt/m/n on input line 38.
)
(c:/Users/ChingChih/AppData/Roaming/TinyTeX/texmf-dist/tex/latex/setspace/setsp
ace.sty
Package: setspace 2011/12/19 v6.7a set line spacing
)
(c:/Users/ChingChih/AppData/Roaming/TinyTeX/texmf-dist/tex/latex/amsfonts/amssy
mb.sty
Package: amssymb 2013/01/14 v3.01 AMS font symbols

(c:/Users/ChingChih/AppData/Roaming/TinyTeX/texmf-dist/tex/latex/amsfonts/amsfo
nts.sty
Package: amsfonts 2013/01/14 v3.01 Basic AMSFonts support
\@emptytoks=\toks15
\symAMSa=\mathgroup4
\symAMSb=\mathgroup5
LaTeX Font Info:    Redeclaring math symbol \hbar on input line 98.
LaTeX Font Info:    Overwriting math alphabet `\mathfrak' in version `bold'
(Font)                  U/euf/m/n --> U/euf/b/n on input line 106.
))
(c:/Users/ChingChih/AppData/Roaming/TinyTeX/texmf-dist/tex/latex/amsmath/amsmat
h.sty
Package: amsmath 2020/09/23 v2.17i AMS math features
\@mathmargin=\skip49
For additional information on amsmath, use the `?' option.

(c:/Users/ChingChih/AppData/Roaming/TinyTeX/texmf-dist/tex/latex/amsmath/amstex
t.sty
Package: amstext 2000/06/29 v2.01 AMS text

(c:/Users/ChingChih/AppData/Roaming/TinyTeX/texmf-dist/tex/latex/amsmath/amsgen
.sty
File: amsgen.sty 1999/11/30 v2.0 generic functions
\@emptytoks=\toks16
\ex@=\dimen139
))
(c:/Users/ChingChih/AppData/Roaming/TinyTeX/texmf-dist/tex/latex/amsmath/amsbsy
.sty
Package: amsbsy 1999/11/29 v1.2d Bold Symbols
\pmbraise@=\dimen140
)
(c:/Users/ChingChih/AppData/Roaming/TinyTeX/texmf-dist/tex/latex/amsmath/amsopn
.sty
Package: amsopn 2016/03/08 v2.02 operator names
)
\inf@bad=\count182
LaTeX Info: Redefining \frac on input line 234.
\uproot@=\count183
\leftroot@=\count184
LaTeX Info: Redefining \overline on input line 399.
\classnum@=\count185
\DOTSCASE@=\count186
LaTeX Info: Redefining \ldots on input line 496.
LaTeX Info: Redefining \dots on input line 499.
LaTeX Info: Redefining \cdots on input line 620.
\Mathstrutbox@=\box47
\strutbox@=\box48
\big@size=\dimen141
LaTeX Font Info:    Redeclaring font encoding OML on input line 743.
LaTeX Font Info:    Redeclaring font encoding OMS on input line 744.
\macc@depth=\count187
\c@MaxMatrixCols=\count188
\dotsspace@=\muskip16
\c@parentequation=\count189
\dspbrk@lvl=\count190
\tag@help=\toks17
\row@=\count191
\column@=\count192
\maxfields@=\count193
\andhelp@=\toks18
\eqnshift@=\dimen142
\alignsep@=\dimen143
\tagshift@=\dimen144
\tagwidth@=\dimen145
\totwidth@=\dimen146
\lineht@=\dimen147
\@envbody=\toks19
\multlinegap=\skip50
\multlinetaggap=\skip51
\mathdisplay@stack=\toks20
LaTeX Info: Redefining \[ on input line 2923.
LaTeX Info: Redefining \] on input line 2924.
)
(c:/Users/ChingChih/AppData/Roaming/TinyTeX/texmf-dist/tex/generic/iftex/ifxete
x.sty
Package: ifxetex 2019/10/25 v0.7 ifxetex legacy package. Use iftex instead.

(c:/Users/ChingChih/AppData/Roaming/TinyTeX/texmf-dist/tex/generic/iftex/iftex.
sty
Package: iftex 2020/03/06 v1.0d TeX engine tests
))
(c:/Users/ChingChih/AppData/Roaming/TinyTeX/texmf-dist/tex/generic/iftex/ifluat
ex.sty
Package: ifluatex 2019/10/25 v1.5 ifluatex legacy package. Use iftex instead.
)
(c:/Users/ChingChih/AppData/Roaming/TinyTeX/texmf-dist/tex/latex/base/fixltx2e.
sty
Package: fixltx2e 2016/12/29 v2.1a fixes to LaTeX (obsolete)
Applying: [2015/01/01] Old fixltx2e package on input line 46.

Package fixltx2e Warning: fixltx2e is not required with releases after 2015
(fixltx2e)                All fixes are now in the LaTeX kernel.
(fixltx2e)                See the latexrelease package for details.

Already applied: [0000/00/00] Old fixltx2e package on input line 53.
)
(c:/Users/ChingChih/AppData/Roaming/TinyTeX/texmf-dist/tex/xelatex/xltxtra/xltx
tra.sty
Package: xltxtra 2018/12/31 v0.7 Improvements for the "XeLaTeX" format

(c:/Users/ChingChih/AppData/Roaming/TinyTeX/texmf-dist/tex/latex/fontspec/fonts
pec.sty
(c:/Users/ChingChih/AppData/Roaming/TinyTeX/texmf-dist/tex/latex/l3packages/xpa
rse/xparse.sty
(c:/Users/ChingChih/AppData/Roaming/TinyTeX/texmf-dist/tex/latex/l3kernel/expl3
.sty
Package: expl3 2021-01-09 L3 programming layer (loader) 

(c:/Users/ChingChih/AppData/Roaming/TinyTeX/texmf-dist/tex/latex/l3backend/l3ba
ckend-xetex.def
File: l3backend-xetex.def 2021-01-09 L3 backend support: XeTeX
(|extractbb --version)
\c__kernel_sys_dvipdfmx_version_int=\count194
\g__color_stack_int=\count195
\l__kernel_color_stack_int=\count196
\g__graphics_track_int=\count197
\l__pdf_internal_box=\box49
\g__pdf_backend_object_int=\count198
\g__pdf_backend_annotation_int=\count199
\g__pdf_backend_link_int=\count266
))
Package: xparse 2020-10-27 L3 Experimental document command parser

(c:/Users/ChingChih/AppData/Roaming/TinyTeX/texmf-dist/tex/latex/l3packages/xpa
rse/xparse-generic.tex))
Package: fontspec 2020/02/21 v2.7i Font selection for XeLaTeX and LuaLaTeX

(c:/Users/ChingChih/AppData/Roaming/TinyTeX/texmf-dist/tex/latex/fontspec/fonts
pec-xetex.sty
Package: fontspec-xetex 2020/02/21 v2.7i Font selection for XeLaTeX and LuaLaTe
X
\l__fontspec_script_int=\count267
\l__fontspec_language_int=\count268
\l__fontspec_strnum_int=\count269
\l__fontspec_tmp_int=\count270
\l__fontspec_tmpa_int=\count271
\l__fontspec_tmpb_int=\count272
\l__fontspec_tmpc_int=\count273
\l__fontspec_em_int=\count274
\l__fontspec_emdef_int=\count275
\l__fontspec_strong_int=\count276
\l__fontspec_strongdef_int=\count277
\l__fontspec_tmpa_dim=\dimen148
\l__fontspec_tmpb_dim=\dimen149
\l__fontspec_tmpc_dim=\dimen150

(c:/Users/ChingChih/AppData/Roaming/TinyTeX/texmf-dist/tex/latex/base/fontenc.s
ty
Package: fontenc 2020/08/10 v2.0s Standard LaTeX package
)
(c:/Users/ChingChih/AppData/Roaming/TinyTeX/texmf-dist/tex/latex/fontspec/fonts
pec.cfg)))
(c:/Users/ChingChih/AppData/Roaming/TinyTeX/texmf-dist/tex/latex/realscripts/re
alscripts.sty
Package: realscripts 2016/02/13 v0.3d Access OpenType subscripts and superscrip
ts
\subsupersep=\dimen151
)
(c:/Users/ChingChih/AppData/Roaming/TinyTeX/texmf-dist/tex/latex/metalogo/metal
ogo.sty
Package: metalogo 2010/05/29 v0.12 Extended TeX logo macros

(c:/Users/ChingChih/AppData/Roaming/TinyTeX/texmf-dist/tex/latex/graphics/graph
icx.sty
Package: graphicx 2020/09/09 v1.2b Enhanced LaTeX Graphics (DPC,SPQR)

(c:/Users/ChingChih/AppData/Roaming/TinyTeX/texmf-dist/tex/latex/graphics/keyva
l.sty
Package: keyval 2014/10/28 v1.15 key=value parser (DPC)
\KV@toks@=\toks21
)
(c:/Users/ChingChih/AppData/Roaming/TinyTeX/texmf-dist/tex/latex/graphics/graph
ics.sty
Package: graphics 2020/08/30 v1.4c Standard LaTeX Graphics (DPC,SPQR)

(c:/Users/ChingChih/AppData/Roaming/TinyTeX/texmf-dist/tex/latex/graphics/trig.
sty
Package: trig 2016/01/03 v1.10 sin cos tan (DPC)
)
(c:/Users/ChingChih/AppData/Roaming/TinyTeX/texmf-dist/tex/latex/graphics-cfg/g
raphics.cfg
File: graphics.cfg 2016/06/04 v1.11 sample graphics configuration
)
Package graphics Info: Driver file: xetex.def on input line 105.

(c:/Users/ChingChih/AppData/Roaming/TinyTeX/texmf-dist/tex/latex/graphics-def/x
etex.def
File: xetex.def 2020/08/26 v5.0i Graphics/color driver for xetex
))
\Gin@req@height=\dimen152
\Gin@req@width=\dimen153
)
\xl@everylogo=\toks22
\xl@@everylogo=\toks23
LaTeX Info: Redefining \TeX on input line 193.
LaTeX Info: Redefining \LaTeX on input line 202.
LaTeX Info: Redefining \LaTeXe on input line 219.
)
\l__xetex_show_hyphens_wrapping_box=\box50
\l__xetex_show_hyphens_temp_box=\box51
\l__xetex_show_hyphens_final_box=\box52
\g__xetex_show_hyphens_word_box=\box53
)
(c:/Users/ChingChih/AppData/Roaming/TinyTeX/texmf-dist/tex/xelatex/xunicode/xun
icode.sty
File: xunicode.sty 2011/09/09 v0.981 provides access to latin accents and many 
other characters in Unicode lower plane

(c:/Users/ChingChih/AppData/Roaming/TinyTeX/texmf-dist/tex/latex/tipa/t3enc.def
File: t3enc.def 2001/12/31 T3 encoding
)
\tipaTiiicode=\count278
\tipasavetokens=\toks24
\tipachecktokens=\toks25
)
(c:/Users/ChingChih/AppData/Roaming/TinyTeX/texmf-dist/tex/latex/geometry/geome
try.sty
Package: geometry 2020/01/02 v5.9 Page Geometry

(c:/Users/ChingChih/AppData/Roaming/TinyTeX/texmf-dist/tex/generic/iftex/ifvtex
.sty
Package: ifvtex 2019/10/25 v1.7 ifvtex legacy package. Use iftex instead.
)
\Gm@cnth=\count279
\Gm@cntv=\count280
\c@Gm@tempcnt=\count281
\Gm@bindingoffset=\dimen154
\Gm@wd@mp=\dimen155
\Gm@odd@mp=\dimen156
\Gm@even@mp=\dimen157
\Gm@layoutwidth=\dimen158
\Gm@layoutheight=\dimen159
\Gm@layouthoffset=\dimen160
\Gm@layoutvoffset=\dimen161
\Gm@dimlist=\toks26
)
(c:/Users/ChingChih/AppData/Roaming/TinyTeX/texmf-dist/tex/latex/hyperref/hyper
ref.sty
Package: hyperref 2020-05-15 v7.00e Hypertext links for LaTeX

(c:/Users/ChingChih/AppData/Roaming/TinyTeX/texmf-dist/tex/generic/ltxcmds/ltxc
mds.sty
Package: ltxcmds 2020-05-10 v1.25 LaTeX kernel commands for general use (HO)
)
(c:/Users/ChingChih/AppData/Roaming/TinyTeX/texmf-dist/tex/generic/pdftexcmds/p
dftexcmds.sty
Package: pdftexcmds 2020-06-27 v0.33 Utility functions of pdfTeX for LuaTeX (HO
)

(c:/Users/ChingChih/AppData/Roaming/TinyTeX/texmf-dist/tex/generic/infwarerr/in
fwarerr.sty
Package: infwarerr 2019/12/03 v1.5 Providing info/warning/error messages (HO)
)
Package pdftexcmds Info: \pdf@primitive is available.
Package pdftexcmds Info: \pdf@ifprimitive is available.
Package pdftexcmds Info: \pdfdraftmode not found.
)
(c:/Users/ChingChih/AppData/Roaming/TinyTeX/texmf-dist/tex/generic/kvsetkeys/kv
setkeys.sty
Package: kvsetkeys 2019/12/15 v1.18 Key value parser (HO)
)
(c:/Users/ChingChih/AppData/Roaming/TinyTeX/texmf-dist/tex/generic/kvdefinekeys
/kvdefinekeys.sty
Package: kvdefinekeys 2019-12-19 v1.6 Define keys (HO)
)
(c:/Users/ChingChih/AppData/Roaming/TinyTeX/texmf-dist/tex/generic/pdfescape/pd
fescape.sty
Package: pdfescape 2019/12/09 v1.15 Implements pdfTeX's escape features (HO)
)
(c:/Users/ChingChih/AppData/Roaming/TinyTeX/texmf-dist/tex/latex/hycolor/hycolo
r.sty
Package: hycolor 2020-01-27 v1.10 Color options for hyperref/bookmark (HO)
)
(c:/Users/ChingChih/AppData/Roaming/TinyTeX/texmf-dist/tex/latex/letltxmacro/le
tltxmacro.sty
Package: letltxmacro 2019/12/03 v1.6 Let assignment for LaTeX macros (HO)
)
(c:/Users/ChingChih/AppData/Roaming/TinyTeX/texmf-dist/tex/latex/auxhook/auxhoo
k.sty
Package: auxhook 2019-12-17 v1.6 Hooks for auxiliary files (HO)
)
(c:/Users/ChingChih/AppData/Roaming/TinyTeX/texmf-dist/tex/latex/kvoptions/kvop
tions.sty
Package: kvoptions 2020-10-07 v3.14 Key value format for package options (HO)
)
\@linkdim=\dimen162
\Hy@linkcounter=\count282
\Hy@pagecounter=\count283

(c:/Users/ChingChih/AppData/Roaming/TinyTeX/texmf-dist/tex/latex/hyperref/pd1en
c.def
File: pd1enc.def 2020-05-15 v7.00e Hyperref: PDFDocEncoding definition (HO)
)
(c:/Users/ChingChih/AppData/Roaming/TinyTeX/texmf-dist/tex/generic/intcalc/intc
alc.sty
Package: intcalc 2019/12/15 v1.3 Expandable calculations with integers (HO)
)
(c:/Users/ChingChih/AppData/Roaming/TinyTeX/texmf-dist/tex/generic/etexcmds/ete
xcmds.sty
Package: etexcmds 2019/12/15 v1.7 Avoid name clashes with e-TeX commands (HO)
)
\Hy@SavedSpaceFactor=\count284
Package hyperref Info: Option `unicode' set `true' on input line 4338.

(c:/Users/ChingChih/AppData/Roaming/TinyTeX/texmf-dist/tex/latex/hyperref/puenc
.def
File: puenc.def 2020-05-15 v7.00e Hyperref: PDF Unicode definition (HO)
)
Package hyperref Info: Hyper figures OFF on input line 4464.
Package hyperref Info: Link nesting OFF on input line 4469.
Package hyperref Info: Hyper index ON on input line 4472.
Package hyperref Info: Plain pages OFF on input line 4479.
Package hyperref Info: Backreferencing OFF on input line 4484.
Package hyperref Info: Implicit mode ON; LaTeX internals redefined.
Package hyperref Info: Bookmarks ON on input line 4717.
\c@Hy@tempcnt=\count285
(c:/Users/ChingChih/AppData/Roaming/TinyTeX/texmf-dist/tex/latex/url/url.sty
\Urlmuskip=\muskip17
Package: url 2013/09/16  ver 3.4  Verb mode for urls, etc.
)
LaTeX Info: Redefining \url on input line 5076.
\XeTeXLinkMargin=\dimen163

(c:/Users/ChingChih/AppData/Roaming/TinyTeX/texmf-dist/tex/generic/bitset/bitse
t.sty
Package: bitset 2019/12/09 v1.3 Handle bit-vector datatype (HO)

(c:/Users/ChingChih/AppData/Roaming/TinyTeX/texmf-dist/tex/generic/bigintcalc/b
igintcalc.sty
Package: bigintcalc 2019/12/15 v1.5 Expandable calculations on big integers (HO
)
))
\Fld@menulength=\count286
\Field@Width=\dimen164
\Fld@charsize=\dimen165
Package hyperref Info: Hyper figures OFF on input line 6347.
Package hyperref Info: Link nesting OFF on input line 6352.
Package hyperref Info: Hyper index ON on input line 6355.
Package hyperref Info: backreferencing OFF on input line 6362.
Package hyperref Info: Link coloring OFF on input line 6367.
Package hyperref Info: Link coloring with OCG OFF on input line 6372.
Package hyperref Info: PDF/A mode OFF on input line 6377.
LaTeX Info: Redefining \ref on input line 6417.
LaTeX Info: Redefining \pageref on input line 6421.

(c:/Users/ChingChih/AppData/Roaming/TinyTeX/texmf-dist/tex/latex/base/atbegshi-
ltx.sty
Package: atbegshi-ltx 2020/08/17 v1.0a Emulation of the original atbegshi packa
ge
with kernel methods
)
\Hy@abspage=\count287
\c@Item=\count288
\c@Hfootnote=\count289
)
Package hyperref Info: Driver (autodetected): hxetex.

(c:/Users/ChingChih/AppData/Roaming/TinyTeX/texmf-dist/tex/latex/hyperref/hxete
x.def
File: hxetex.def 2020-05-15 v7.00e Hyperref driver for XeTeX

(c:/Users/ChingChih/AppData/Roaming/TinyTeX/texmf-dist/tex/generic/stringenc/st
ringenc.sty
Package: stringenc 2019/11/29 v1.12 Convert strings between diff. encodings (HO
)
)
\pdfm@box=\box54
\c@Hy@AnnotLevel=\count290
\HyField@AnnotCount=\count291
\Fld@listcount=\count292
\c@bookmark@seq@number=\count293

(c:/Users/ChingChih/AppData/Roaming/TinyTeX/texmf-dist/tex/latex/rerunfilecheck
/rerunfilecheck.sty
Package: rerunfilecheck 2019/12/05 v1.9 Rerun checks for auxiliary files (HO)

(c:/Users/ChingChih/AppData/Roaming/TinyTeX/texmf-dist/tex/latex/base/atveryend
-ltx.sty
Package: atveryend-ltx 2020/08/19 v1.0a Emulation of the original atvery packag
e
with kernel methods
)
(c:/Users/ChingChih/AppData/Roaming/TinyTeX/texmf-dist/tex/generic/uniquecounte
r/uniquecounter.sty
Package: uniquecounter 2019/12/15 v1.4 Provide unlimited unique counter (HO)
)
Package uniquecounter Info: New unique counter `rerunfilecheck' on input line 2
86.
)
\Hy@SectionHShift=\skip52
)
Package hyperref Info: Option `breaklinks' set `true' on input line 39.

(c:/Users/ChingChih/AppData/Roaming/TinyTeX/texmf-dist/tex/latex/tools/longtabl
e.sty
Package: longtable 2020/01/07 v4.13 Multi-page Table package (DPC)
\LTleft=\skip53
\LTright=\skip54
\LTpre=\skip55
\LTpost=\skip56
\LTchunksize=\count294
\LTcapwidth=\dimen166
\LT@head=\box55
\LT@firsthead=\box56
\LT@foot=\box57
\LT@lastfoot=\box58
\LT@cols=\count295
\LT@rows=\count296
\c@LT@tables=\count297
\c@LT@chunks=\count298
\LT@p@ftn=\toks27
)
(c:/Users/ChingChih/AppData/Roaming/TinyTeX/texmf-dist/tex/latex/booktabs/bookt
abs.sty
Package: booktabs 2020/01/12 v1.61803398 Publication quality tables
\heavyrulewidth=\dimen167
\lightrulewidth=\dimen168
\cmidrulewidth=\dimen169
\belowrulesep=\dimen170
\belowbottomsep=\dimen171
\aboverulesep=\dimen172
\abovetopsep=\dimen173
\cmidrulesep=\dimen174
\cmidrulekern=\dimen175
\defaultaddspace=\dimen176
\@cmidla=\count299
\@cmidlb=\count300
\@aboverulesep=\dimen177
\@belowrulesep=\dimen178
\@thisruleclass=\count301
\@lastruleclass=\count302
\@thisrulewidth=\dimen179
)
(c:/Users/ChingChih/AppData/Roaming/TinyTeX/texmf-dist/tex/latex/mdwtools/footn
ote.sty
Package: footnote 1997/01/28 1.13 Save footnotes around boxes
\fn@notes=\box59
\fn@width=\dimen180
)
(c:/Users/ChingChih/AppData/Roaming/TinyTeX/texmf-dist/tex/latex/pdfpages/pdfpa
ges.sty
Package: pdfpages 2021/01/09 v0.5r Insert pages of external PDF documents (AM)

(c:/Users/ChingChih/AppData/Roaming/TinyTeX/texmf-dist/tex/latex/base/ifthen.st
y
Package: ifthen 2014/09/29 v1.1c Standard LaTeX ifthen package (DPC)
)
(c:/Users/ChingChih/AppData/Roaming/TinyTeX/texmf-dist/tex/latex/tools/calc.sty
Package: calc 2017/05/25 v4.3 Infix arithmetic (KKT,FJ)
\calc@Acount=\count303
\calc@Bcount=\count304
\calc@Adimen=\dimen181
\calc@Bdimen=\dimen182
\calc@Askip=\skip57
\calc@Bskip=\skip58
LaTeX Info: Redefining \setlength on input line 80.
LaTeX Info: Redefining \addtolength on input line 81.
\calc@Ccount=\count305
\calc@Cskip=\skip59
)
(c:/Users/ChingChih/AppData/Roaming/TinyTeX/texmf-dist/tex/latex/eso-pic/eso-pi
c.sty
Package: eso-pic 2020/10/14 v3.0a eso-pic (RN)
\ESO@tempdima=\dimen183
\ESO@tempdimb=\dimen184

(c:/Users/ChingChih/AppData/Roaming/TinyTeX/texmf-dist/tex/latex/xcolor/xcolor.
sty
Package: xcolor 2016/05/11 v2.12 LaTeX color extensions (UK)

(c:/Users/ChingChih/AppData/Roaming/TinyTeX/texmf-dist/tex/latex/graphics-cfg/c
olor.cfg
File: color.cfg 2016/01/02 v1.6 sample color configuration
)
Package xcolor Info: Driver file: xetex.def on input line 225.
Package xcolor Info: Model `cmy' substituted by `cmy0' on input line 1348.
Package xcolor Info: Model `RGB' extended on input line 1364.
Package xcolor Info: Model `HTML' substituted by `rgb' on input line 1366.
Package xcolor Info: Model `Hsb' substituted by `hsb' on input line 1367.
Package xcolor Info: Model `tHsb' substituted by `hsb' on input line 1368.
Package xcolor Info: Model `HSB' substituted by `hsb' on input line 1369.
Package xcolor Info: Model `Gray' substituted by `gray' on input line 1370.
Package xcolor Info: Model `wave' substituted by `hsb' on input line 1371.
))
\AM@pagewidth=\dimen185
\AM@pageheight=\dimen186

(c:/Users/ChingChih/AppData/Roaming/TinyTeX/texmf-dist/tex/latex/pdfpages/ppxet
ex.def
File: ppxetex.def 2021/01/09 v0.5r Pdfpages driver for XeTeX (AM)
)
\pdfpages@includegraphics@status=\count306
\AM@pagebox=\box60
\AM@global@opts=\toks28
\AM@pagecnt=\count307
\AM@toc@title=\toks29
\c@AM@survey=\count308
\AM@templatesizebox=\box61
)
(c:/Users/ChingChih/AppData/Roaming/TinyTeX/texmf-dist/tex/latex/titlesec/title
sec.sty
Package: titlesec 2019/10/16 v2.13 Sectioning titles
\ttl@box=\box62
\beforetitleunit=\skip60
\aftertitleunit=\skip61
\ttl@plus=\dimen187
\ttl@minus=\dimen188
\ttl@toksa=\toks30
\titlewidth=\dimen189
\titlewidthlast=\dimen190
\titlewidthfirst=\dimen191
)
(c:/Users/ChingChih/AppData/Roaming/TinyTeX/texmf-dist/tex/latex/titlesec/title
toc.sty
Package: titletoc 2019/10/16 v2.13 TOC entries
\ttl@leftsep=\dimen192
)
(c:/Users/ChingChih/AppData/Roaming/TinyTeX/texmf-dist/tex/latex/apptools/appto
ols.sty
Package: apptools 2012/11/28 v1.0 Tools for customizing appendices
)
(c:/Users/ChingChih/AppData/Roaming/TinyTeX/texmf-dist/tex/latex/float/float.st
y
Package: float 2001/11/08 v1.3d Float enhancements (AL)
\c@float@type=\count309
\float@exts=\toks31
\float@box=\box63
\@float@everytoks=\toks32
\@floatcapt=\box64
)
(c:/Users/ChingChih/AppData/Roaming/TinyTeX/texmf-dist/tex/latex/placeins/place
ins.sty
Package: placeins 2005/04/18  v 2.2
) (c:/Users/ChingChih/AppData/Roaming/TinyTeX/texmf-dist/tex/latex/ctex/ctex.st
y
Package: ctex 2020/10/19 v2.5.5 Chinese adapter in LaTeX (CTEX)

(c:/Users/ChingChih/AppData/Roaming/TinyTeX/texmf-dist/tex/latex/l3packages/l3k
eys2e/l3keys2e.sty
Package: l3keys2e 2020-10-27 LaTeX2e option processing using LaTeX3 keys
)
(c:/Users/ChingChih/AppData/Roaming/TinyTeX/texmf-dist/tex/latex/ctex/ctexhook.
sty
Package: ctexhook 2020/10/19 v2.5.5 Document and package hooks (CTEX)
)
(c:/Users/ChingChih/AppData/Roaming/TinyTeX/texmf-dist/tex/latex/ctex/ctexpatch
.sty
Package: ctexpatch 2020/10/19 v2.5.5 Patching commands (CTEX)
)
(c:/Users/ChingChih/AppData/Roaming/TinyTeX/texmf-dist/tex/latex/base/fix-cm.st
y
Package: fix-cm 2015/01/14 v1.1t fixes to LaTeX

(c:/Users/ChingChih/AppData/Roaming/TinyTeX/texmf-dist/tex/latex/base/ts1enc.de
f
File: ts1enc.def 2001/06/05 v3.0e (jk/car/fm) Standard LaTeX file
LaTeX Font Info:    Redeclaring font encoding TS1 on input line 47.
))
(c:/Users/ChingChih/AppData/Roaming/TinyTeX/texmf-dist/tex/latex/ms/everysel.st
y
Package: everysel 2011/10/28 v1.2 EverySelectfont Package (MS)
)
\l__ctex_tmp_int=\count310
\l__ctex_tmp_box=\box65
\l__ctex_tmp_dim=\dimen193
\g__ctex_section_depth_int=\count311
\g__ctex_font_size_int=\count312

(c:/Users/ChingChih/AppData/Roaming/TinyTeX/texmf-dist/tex/latex/ctex/config/ct
exopts.cfg
File: ctexopts.cfg 2020/10/19 v2.5.5 Option configuration file (CTEX)
)
(c:/Users/ChingChih/AppData/Roaming/TinyTeX/texmf-dist/tex/latex/ctex/engine/ct
ex-engine-xetex.def
File: ctex-engine-xetex.def 2020/10/19 v2.5.5 XeLaTeX adapter (CTEX)

(c:/Users/ChingChih/AppData/Roaming/TinyTeX/texmf-dist/tex/xelatex/xecjk/xeCJK.
sty
Package: xeCJK 2020/10/19 v3.8.6 Typesetting CJK scripts with XeLaTeX

(c:/Users/ChingChih/AppData/Roaming/TinyTeX/texmf-dist/tex/latex/l3packages/xte
mplate/xtemplate.sty
Package: xtemplate 2020-10-27 L3 Experimental prototype document functions
\l__xtemplate_tmp_dim=\dimen194
\l__xtemplate_tmp_int=\count313
\l__xtemplate_tmp_muskip=\muskip18
\l__xtemplate_tmp_skip=\skip62
)
\l__xeCJK_tmp_int=\count314
\l__xeCJK_tmp_box=\box66
\l__xeCJK_tmp_dim=\dimen195
\l__xeCJK_tmp_skip=\skip63
\g__xeCJK_space_factor_int=\count315
\l__xeCJK_begin_int=\count316
\l__xeCJK_end_int=\count317
\c__xeCJK_CJK_class_int=\XeTeXcharclass1
\c__xeCJK_FullLeft_class_int=\XeTeXcharclass2
\c__xeCJK_FullRight_class_int=\XeTeXcharclass3
\c__xeCJK_HalfLeft_class_int=\XeTeXcharclass4
\c__xeCJK_HalfRight_class_int=\XeTeXcharclass5
\c__xeCJK_NormalSpace_class_int=\XeTeXcharclass6
\c__xeCJK_CM_class_int=\XeTeXcharclass7
\c__xeCJK_HangulJamo_class_int=\XeTeXcharclass8
\l__xeCJK_last_skip=\skip64
\g__xeCJK_node_int=\count318
\c__xeCJK_CJK_node_dim=\dimen196
\c__xeCJK_CJK-space_node_dim=\dimen197
\c__xeCJK_default_node_dim=\dimen198
\c__xeCJK_default-space_node_dim=\dimen199
\c__xeCJK_CJK-widow_node_dim=\dimen256
\c__xeCJK_normalspace_node_dim=\dimen257
\l__xeCJK_ccglue_skip=\skip65
\l__xeCJK_ecglue_skip=\skip66
\l__xeCJK_punct_kern_skip=\skip67
\l__xeCJK_last_penalty_int=\count319
\l__xeCJK_last_bound_dim=\dimen258
\l__xeCJK_last_kern_dim=\dimen259
\l__xeCJK_widow_penalty_int=\count320

Package xtemplate Info: Declaring object type 'xeCJK/punctuation' taking 0
(xtemplate)             argument(s) on line 2341.

\l__xeCJK_fixed_punct_width_dim=\dimen260
\l__xeCJK_mixed_punct_width_dim=\dimen261
\l__xeCJK_middle_punct_width_dim=\dimen262
\l__xeCJK_fixed_margin_width_dim=\dimen263
\l__xeCJK_mixed_margin_width_dim=\dimen264
\l__xeCJK_middle_margin_width_dim=\dimen265
\l__xeCJK_bound_punct_width_dim=\dimen266
\l__xeCJK_bound_margin_width_dim=\dimen267
\l__xeCJK_margin_minimum_dim=\dimen268
\l__xeCJK_kerning_total_width_dim=\dimen269
\l__xeCJK_same_align_margin_dim=\dimen270
\l__xeCJK_different_align_margin_dim=\dimen271
\l__xeCJK_kerning_margin_width_dim=\dimen272
\l__xeCJK_kerning_margin_minimum_dim=\dimen273
\l__xeCJK_bound_dim=\dimen274
\l__xeCJK_reverse_bound_dim=\dimen275
\l__xeCJK_margin_dim=\dimen276
\l__xeCJK_minimum_bound_dim=\dimen277
\l__xeCJK_kerning_margin_dim=\dimen278
\g__xeCJK_family_int=\count321
\l__xeCJK_fam_int=\count322
\g__xeCJK_fam_allocation_int=\count323
\l__xeCJK_verb_case_int=\count324
\l__xeCJK_verb_exspace_skip=\skip68

(c:/Users/ChingChih/AppData/Roaming/TinyTeX/texmf-dist/tex/xelatex/xecjk/xeCJK.
cfg
File: xeCJK.cfg 2020/10/19 v3.8.6 Configuration file for xeCJK package
))
\ccwd=\dimen279
\l__ctex_ccglue_skip=\skip69
)
\l__ctex_ziju_dim=\dimen280

(c:/Users/ChingChih/AppData/Roaming/TinyTeX/texmf-dist/tex/latex/zhnumber/zhnum
ber.sty
Package: zhnumber 2020/05/01 v2.8 Typesetting numbers with Chinese glyphs
\l__zhnum_scale_int=\count325

(c:/Users/ChingChih/AppData/Roaming/TinyTeX/texmf-dist/tex/latex/zhnumber/zhnum
ber-utf8.cfg
File: zhnumber-utf8.cfg 2020/05/01 v2.8 Chinese numerals with UTF8 encoding
))
(c:/Users/ChingChih/AppData/Roaming/TinyTeX/texmf-dist/tex/latex/ctex/heading/c
tex-heading-book.def
File: ctex-book.def 2020/10/19 v2.5.5 Heading modification for book (CTEX)
\l__ctex_heading_skip=\skip70

(c:/Users/ChingChih/AppData/Roaming/TinyTeX/texmf-dist/tex/latex/ctex/scheme/ct
ex-scheme-chinese-book.def
File: ctex-scheme-chinese-book.def 2020/10/19 v2.5.5 Chinese scheme for book (C
TEX)

(c:/Users/ChingChih/AppData/Roaming/TinyTeX/texmf-dist/tex/latex/ctex/config/ct
ex-name-utf8.cfg
File: ctex-name-utf8.cfg 2020/10/19 v2.5.5 Caption with encoding UTF-8 (CTEX)
)))
(c:/Users/ChingChih/AppData/Roaming/TinyTeX/texmf-dist/tex/latex/ctex/ctex-c5si
ze.clo
File: ctex-c5size.clo 2020/10/19 v2.5.5 c5size option (CTEX)
))
(c:/Users/ChingChih/AppData/Roaming/TinyTeX/texmf-dist/tex/latex/ctex/config/ct
ex.cfg
File: ctex.cfg 2020/10/19 v2.5.5 Configuration file (CTEX)
)
(c:/Users/ChingChih/AppData/Roaming/TinyTeX/texmf-dist/tex/latex/koma-script/sc
rextend.sty
Package: scrextend 2020/09/21 v3.32 KOMA-Script package (extend other classes w
ith features of KOMA-Script classes)

(c:/Users/ChingChih/AppData/Roaming/TinyTeX/texmf-dist/tex/latex/koma-script/sc
rkbase.sty
Package: scrkbase 2020/09/21 v3.32 KOMA-Script package (KOMA-Script-dependent b
asics and keyval usage)

(c:/Users/ChingChih/AppData/Roaming/TinyTeX/texmf-dist/tex/latex/koma-script/sc
rbase.sty
Package: scrbase 2020/09/21 v3.32 KOMA-Script package (KOMA-Script-independent 
basics and keyval usage)

(c:/Users/ChingChih/AppData/Roaming/TinyTeX/texmf-dist/tex/latex/koma-script/sc
rlfile.sty
Package: scrlfile 2020/09/21 v3.32 KOMA-Script package (file load hooks)

(c:/Users/ChingChih/AppData/Roaming/TinyTeX/texmf-dist/tex/latex/koma-script/sc
rlfile-hook.sty
Package: scrlfile-hook 2020/09/21 v3.32 KOMA-Script package (using LaTeX hooks)


(c:/Users/ChingChih/AppData/Roaming/TinyTeX/texmf-dist/tex/latex/koma-script/sc
rlogo.sty
Package: scrlogo 2020/09/21 v3.32 KOMA-Script package (logo)
)))))

LaTeX Warning: Command \@footnotemark  has changed.
               Check if current package is valid.

Package scrextend Info: unexpected definition of `\@makefnmark'.
(scrextend)             Trying to patch it on input line 1592.

(c:/Users/ChingChih/AppData/Roaming/TinyTeX/texmf-dist/tex/latex/etoolbox/etool
box.sty
Package: etoolbox 2020/10/05 v2.5k e-TeX tools for LaTeX (JAW)
\etb@tempcnta=\count326
)
Package scrextend Info: patch seems to be successfull on input line 1592.
)
Package scrextend Info: File `scrsize12pt.clo' used to setup font sizes on inpu
t line 75.

(c:/Users/ChingChih/AppData/Roaming/TinyTeX/texmf-dist/tex/latex/koma-script/sc
rsize12pt.clo
File: scrsize12pt.clo 2020/09/21 v3.32 KOMA-Script font size class option (12pt
)
)

Package fontspec Info: TimesNewRoman scale = 0.9636299023440277.


Package fontspec Info: TimesNewRoman scale = 0.9636299023440277.


Package fontspec Info: TimesNewRomanBold scale = 0.9440481727713549.


Package fontspec Info: TimesNewRomanItalic scale = 1.001912475428977.


Package fontspec Info: TimesNewRomanBoldItalic scale = 0.9818519945425632.


Package fontspec Info: Font family 'TimesNewRoman(0)' created for font
(fontspec)             'TimesNewRoman' with options
(fontspec)             [Ligatures=TeX,Scale=MatchLowercase,Ligatures=TeX,Path=l
atex/,BoldFont={TimesNewRomanBold},ItalicFont={TimesNewRomanItalic},BoldItalicF
ont={TimesNewRomanBoldItalic}].
(fontspec)              
(fontspec)              This font family consists of the following NFSS
(fontspec)             series/shapes:
(fontspec)              
(fontspec)             - 'normal' (m/n) with NFSS spec.:
(fontspec)             <->s*[0.9636299023440277]"[latex/TimesNewRoman]/OT:scrip
t=latn;language=dflt;mapping=tex-text;"
(fontspec)             - 'small caps'  (m/sc) with NFSS spec.: 
(fontspec)             - 'bold' (b/n) with NFSS spec.:
(fontspec)             <->s*[0.9440481727713549]"[latex/TimesNewRomanBold]/OT:s
cript=latn;language=dflt;mapping=tex-text;"
(fontspec)             - 'bold small caps'  (b/sc) with NFSS spec.: 
(fontspec)             - 'italic' (m/it) with NFSS spec.:
(fontspec)             <->s*[1.001912475428977]"[latex/TimesNewRomanItalic]/OT:
script=latn;language=dflt;mapping=tex-text;"
(fontspec)             - 'italic small caps'  (m/scit) with NFSS spec.: 
(fontspec)             - 'bold italic' (b/it) with NFSS spec.:
(fontspec)             <->s*[0.9818519945425632]"[latex/TimesNewRomanBoldItalic
]/OT:script=latn;language=dflt;mapping=tex-text;"
(fontspec)             - 'bold italic small caps'  (b/scit) with NFSS spec.: 

LaTeX Font Info:    Font shape `TU/TimesNewRoman(0)/m/n' will be
(Font)              scaled to size 11.56348pt on input line 87.

Package fontspec Info: kaiti scale = 0.9430312304375043.


Package fontspec Info: kaiti scale = 0.9430312304375043.


Package fontspec Info: kaiti scale = 0.9430312304375043.


Package fontspec Info: kaiti scale = 0.9430312304375043.


Package fontspec Info: kaiti scale = 0.9430312304375043.


Package fontspec Info: Font family 'kaiti(0)' created for font 'kaiti' with
(fontspec)             options
(fontspec)             [Ligatures=TeX,Scale=MatchLowercase,Script={CJK},Path={l
atex/},AutoFakeBold={2.5},AutoFakeSlant={0.3}].
(fontspec)              
(fontspec)              This font family consists of the following NFSS
(fontspec)             series/shapes:
(fontspec)              
(fontspec)             - 'normal' (m/n) with NFSS spec.:
(fontspec)             <->s*[0.9430312304375043]"[latex/kaiti]/OT:script=hani;l
anguage=dflt;mapping=tex-text;"
(fontspec)             - 'small caps'  (m/sc) with NFSS spec.: 
(fontspec)             - 'bold' (b/n) with NFSS spec.:
(fontspec)             <->s*[0.9430312304375043]"[latex/kaiti]/OT:script=hani;l
anguage=dflt;embolden=2.5;mapping=tex-text;"
(fontspec)             - 'bold small caps'  (b/sc) with NFSS spec.: 
(fontspec)             - 'italic' (m/it) with NFSS spec.:
(fontspec)             <->s*[0.9430312304375043]"[latex/kaiti]/OT:script=hani;l
anguage=dflt;slant=0.3;mapping=tex-text;"
(fontspec)             - 'italic small caps'  (m/scit) with NFSS spec.: 
(fontspec)             - 'bold italic' (b/it) with NFSS spec.:
(fontspec)             <->s*[0.9430312304375043]"[latex/kaiti]/OT:script=hani;l
anguage=dflt;embolden=2.5;slant=0.3;mapping=tex-text;"
(fontspec)             - 'bold italic small caps'  (b/scit) with NFSS spec.: 


Package fontspec Info: IPAfont scale = 0.9710419788172132.


Package fontspec Info: IPAfont scale = 0.9710419788172132.


Package fontspec Info: IPAfont scale = 0.9710419788172132.


Package fontspec Info: IPAfont scale = 0.9710419788172132.


Package fontspec Info: IPAfont scale = 0.9710419788172132.


Package fontspec Info: IPAfont scale = 0.9710419788172132.


Package fontspec Info: IPAfont scale = 0.9710419788172132.


Package fontspec Info: IPAfont scale = 0.9710419788172132.


Package fontspec Info: IPAfont scale = 0.9710419788172132.


Package fontspec Info: Font family 'IPAfont(0)' created for font 'IPAfont'
(fontspec)             with options
(fontspec)             [Ligatures=TeX,Scale=MatchLowercase,Path=latex/,AutoFake
Bold=2.5,AutoFakeSlant=.3].
(fontspec)              
(fontspec)              This font family consists of the following NFSS
(fontspec)             series/shapes:
(fontspec)              
(fontspec)             - 'normal' (m/n) with NFSS spec.:
(fontspec)             <->s*[0.9710419788172132]"[latex/IPAfont]/OT:script=latn
;language=dflt;mapping=tex-text;"
(fontspec)             - 'small caps'  (m/sc) with NFSS spec.:
(fontspec)             <->s*[0.9710419788172132]"[latex/IPAfont]/OT:script=latn
;language=dflt;+smcp;mapping=tex-text;"
(fontspec)             - 'bold' (b/n) with NFSS spec.:
(fontspec)             <->s*[0.9710419788172132]"[latex/IPAfont]/OT:script=latn
;language=dflt;embolden=2.5;mapping=tex-text;"
(fontspec)             - 'bold small caps'  (b/sc) with NFSS spec.:
(fontspec)             <->s*[0.9710419788172132]"[latex/IPAfont]/OT:script=latn
;language=dflt;embolden=2.5;+smcp;mapping=tex-text;"
(fontspec)             - 'italic' (m/it) with NFSS spec.:
(fontspec)             <->s*[0.9710419788172132]"[latex/IPAfont]/OT:script=latn
;language=dflt;slant=.3;mapping=tex-text;"
(fontspec)             - 'italic small caps'  (m/scit) with NFSS spec.:
(fontspec)             <->s*[0.9710419788172132]"[latex/IPAfont]/OT:script=latn
;language=dflt;slant=.3;+smcp;mapping=tex-text;"
(fontspec)             - 'bold italic' (b/it) with NFSS spec.:
(fontspec)             <->s*[0.9710419788172132]"[latex/IPAfont]/OT:script=latn
;language=dflt;embolden=2.5;slant=.3;mapping=tex-text;"
(fontspec)             - 'bold italic small caps'  (b/scit) with NFSS spec.:
(fontspec)             <->s*[0.9710419788172132]"[latex/IPAfont]/OT:script=latn
;language=dflt;embolden=2.5;slant=.3;+smcp;mapping=tex-text;"

(c:/Users/ChingChih/AppData/Roaming/TinyTeX/texmf-dist/tex/latex/tools/bm.sty
Package: bm 2019/07/24 v1.2d Bold Symbol Support (DPC/FMi)
\symboldoperators=\mathgroup6
\symboldletters=\mathgroup7
\symboldsymbols=\mathgroup8
LaTeX Font Info:    Redeclaring math alphabet \mathbf on input line 141.
LaTeX Info: Redefining \bm on input line 209.
)
(c:/Users/ChingChih/AppData/Roaming/TinyTeX/texmf-dist/tex/latex/transparent/tr
ansparent.sty
Package: transparent 2019/11/29 v1.4 Transparency via pdfTeX's color stack (HO)


Package transparent Warning: Loading aborted, because pdfTeX is not running in 
PDF mode.

)
(c:/Users/ChingChih/AppData/Roaming/TinyTeX/texmf-dist/tex/xelatex/xecjk/xunico
de-addon.sty
Package: xunicode-addon 2020/10/19 v3.8.6 addon file for xunicode
\l__xunadd_tmp_coffin=\box67
\l__xunadd_circle_coffin=\box68
\l_xunadd_slot_int=\count327
)
(c:/Users/ChingChih/AppData/Roaming/TinyTeX/texmf-dist/tex/xelatex/xunicode/xun
icode.sty
File: xunicode.sty 2011/09/09 v0.981 provides access to latin accents and many 
other characters in Unicode lower plane
*** Reloading Xunicode for encoding 'TU' ***
)
(c:/Users/ChingChih/AppData/Roaming/TinyTeX/texmf-dist/tex/xelatex/xecjk/xunico
de-extra.def
File: xunicode-extra.def 2020/10/19 v3.8.6 extra definition for xunicode
)
No file ntu-bookdown.aux.
\openout1 = `ntu-bookdown.aux'.

LaTeX Font Info:    Checking defaults for OML/cmm/m/it on input line 154.
LaTeX Font Info:    ... okay on input line 154.
LaTeX Font Info:    Checking defaults for OMS/cmsy/m/n on input line 154.
LaTeX Font Info:    ... okay on input line 154.
LaTeX Font Info:    Checking defaults for OT1/cmr/m/n on input line 154.
LaTeX Font Info:    ... okay on input line 154.
LaTeX Font Info:    Checking defaults for T1/cmr/m/n on input line 154.
LaTeX Font Info:    ... okay on input line 154.
LaTeX Font Info:    Checking defaults for TS1/cmr/m/n on input line 154.
LaTeX Font Info:    ... okay on input line 154.
LaTeX Font Info:    Checking defaults for TU/lmr/m/n on input line 154.
LaTeX Font Info:    ... okay on input line 154.
LaTeX Font Info:    Checking defaults for OMX/cmex/m/n on input line 154.
LaTeX Font Info:    ... okay on input line 154.
LaTeX Font Info:    Checking defaults for U/cmr/m/n on input line 154.
LaTeX Font Info:    ... okay on input line 154.
LaTeX Font Info:    Checking defaults for T3/cmr/m/n on input line 154.
LaTeX Font Info:    Trying to load font information for T3+cmr on input line 15
4.
(c:/Users/ChingChih/AppData/Roaming/TinyTeX/texmf-dist/tex/latex/tipa/t3cmr.fd
File: t3cmr.fd 2001/12/31 TIPA font definitions
)
LaTeX Font Info:    ... okay on input line 154.
LaTeX Font Info:    Checking defaults for PD1/pdf/m/n on input line 154.
LaTeX Font Info:    ... okay on input line 154.
LaTeX Font Info:    Checking defaults for PU/pdf/m/n on input line 154.
LaTeX Font Info:    ... okay on input line 154.
*geometry* driver: auto-detecting
*geometry* detected driver: xetex
*geometry* verbose mode - [ preamble ] result:
* driver: xetex
* paper: a4paper
* layout: <same size as paper>
* layoutoffset:(h,v)=(0.0pt,0.0pt)
* modes: 
* h-part:(L,W,R)=(85.27806pt, 426.95175pt, 85.27806pt)
* v-part:(T,H,B)=(85.27806pt, 702.89212pt, 56.87666pt)
* \paperwidth=597.50787pt
* \paperheight=845.04684pt
* \textwidth=426.95175pt
* \textheight=702.89212pt
* \oddsidemargin=13.00807pt
* \evensidemargin=13.00807pt
* \topmargin=-17.05942pt
* \headheight=12.0pt
* \headsep=18.06749pt
* \topskip=10.0pt
* \footskip=25.29494pt
* \marginparwidth=69.0pt
* \marginparsep=7.0pt
* \columnsep=10.0pt
* \skip\footins=10.8pt plus 4.0pt minus 2.0pt
* \hoffset=0.0pt
* \voffset=0.0pt
* \mag=1000
* \@twocolumnfalse
* \@twosidefalse
* \@mparswitchfalse
* \@reversemarginfalse
* (1in=72.27pt=25.4mm, 1cm=28.453pt)

Package hyperref Info: Link coloring OFF on input line 154.

(c:/Users/ChingChih/AppData/Roaming/TinyTeX/texmf-dist/tex/latex/hyperref/namer
ef.sty
Package: nameref 2019/09/16 v2.46 Cross-referencing by name of section

(c:/Users/ChingChih/AppData/Roaming/TinyTeX/texmf-dist/tex/latex/refcount/refco
unt.sty
Package: refcount 2019/12/15 v3.6 Data extraction from label references (HO)
)
(c:/Users/ChingChih/AppData/Roaming/TinyTeX/texmf-dist/tex/generic/gettitlestri
ng/gettitlestring.sty
Package: gettitlestring 2019/12/15 v1.6 Cleanup title references (HO)
)
\c@section@level=\count328
)
LaTeX Info: Redefining \ref on input line 154.
LaTeX Info: Redefining \pageref on input line 154.
LaTeX Info: Redefining \nameref on input line 154.
\@outlinefile=\write3
\openout3 = `ntu-bookdown.out'.


Package hyperref Warning: Rerun to get /PageLabels entry.


(c:/Users/ChingChih/AppData/Roaming/TinyTeX/texmf-dist/tex/latex/pdflscape/pdfl
scape.sty
Package: pdflscape 2019/12/05 v0.12 Display of landscape pages in PDF (HO)

(c:/Users/ChingChih/AppData/Roaming/TinyTeX/texmf-dist/tex/latex/graphics/lscap
e.sty
Package: lscape 2020/05/28 v3.02 Landscape Pages (DPC)
)
Package pdflscape Info: Auto-detected driver: dvipdfm (xetex) on input line 98.

) ABD: EverySelectfont initializing macros
LaTeX Info: Redefining \selectfont on input line 154.
File: front_matter/front_matter.pdf Graphic file (type pdf)
<use front_matter/front_matter.pdf>
File: front_matter/front_matter.pdf Graphic file (type pdf)
<use front_matter/front_matter.pdf>
File: front_matter/front_matter.pdf Graphic file (type pdf)
<use front_matter/front_matter.pdf, page 1>
File: front_matter/front_matter.pdf Graphic file (type pdf)
<use front_matter/front_matter.pdf, page 1>
File: front_matter/front_matter.pdf Graphic file (type pdf)
<use front_matter/front_matter.pdf, page 1>
File: front_matter/front_matter.pdf Graphic file (type pdf)
<use front_matter/front_matter.pdf, page 1>
File: front_matter/front_matter.pdf Graphic file (type pdf)
<use front_matter/front_matter.pdf, page 1>
[1

]
File: certification-scan.pdf Graphic file (type pdf)
<use certification-scan.pdf>
File: certification-scan.pdf Graphic file (type pdf)
<use certification-scan.pdf>
File: certification-scan.pdf Graphic file (type pdf)
<use certification-scan.pdf, page 1>
File: certification-scan.pdf Graphic file (type pdf)
<use certification-scan.pdf, page 1>
File: certification-scan.pdf Graphic file (type pdf)
<use certification-scan.pdf, page 1>
File: certification-scan.pdf Graphic file (type pdf)
<use certification-scan.pdf, page 1>
File: certification-scan.pdf Graphic file (type pdf)
<use certification-scan.pdf, page 1>
[1

]
LaTeX Font Info:    Font shape `TU/TimesNewRoman(0)/m/n' will be
(Font)              scaled to size 23.97495pt on input line 168.
LaTeX Font Info:    Font shape `TU/TimesNewRoman(0)/b/n' will be
(Font)              scaled to size 23.48787pt on input line 168.
LaTeX Font Info:    Font shape `TU/kaiti(0)/b/n' will be
(Font)              scaled to size 23.46243pt on input line 168.
LaTeX Font Info:    Font shape `TU/kaiti(0)/m/n' will be
(Font)              scaled to size 11.31628pt on input line 169.
[2


]
LaTeX Font Info:    Font shape `TU/TimesNewRoman(0)/b/n' will be
(Font)              scaled to size 11.32855pt on input line 179.
LaTeX Font Info:    Font shape `TU/kaiti(0)/b/n' will be
(Font)              scaled to size 11.31628pt on input line 179.
[3


] [4


]
\tf@toc=\write4
\openout4 = `ntu-bookdown.toc'.

[5


]
\tf@lot=\write5
\openout5 = `ntu-bookdown.lot'.

[6


]
\tf@lof=\write6
\openout6 = `ntu-bookdown.lof'.

[7


]

! LaTeX Error: Environment Shaded undefined.

See the LaTeX manual or LaTeX Companion for explanation.
Type  H <return>  for immediate help.
 ...                                              
                                                  
l.222 \renewenvironment{Shaded}
                               { 
Here is how much of TeX's memory you used:
 23637 strings out of 479212
 456461 string characters out of 5872921
 793350 words of memory out of 5000000
 42862 multiletter control sequences out of 15000+600000
 404006 words of font info for 55 fonts, out of 8000000 for 9000
 14 hyphenation exceptions out of 8191
 111i,18n,123p,404b,474s stack positions out of 5000i,500n,10000p,200000b,80000s

Output written on ntu-bookdown.pdf (8 pages).
